<?xml version="1.0" encoding="UTF-8"?>
<testsuite xmlns:xsi="http://www.w3.org/2001/XMLSchema-instance" xsi:noNamespaceSchemaLocation="https://maven.apache.org/surefire/maven-surefire-plugin/xsd/surefire-test-report.xsd" version="3.0.2" name="io.cucumber.junit.platform.engine.CucumberTestEngine" time="2.18" tests="3" errors="0" skipped="1" failures="0">
  <properties>
[...]
</properties>
  <testcase name="Успешный платёж по реквизитам" classname="Проведение платежей по реквизитам" time="2.038">
    <system-out><![CDATA[
@db @rest @kafka @success
Scenario: Успешный платёж по реквизитам                                        &amp#27;[90m# src/test/resources/features/payments.feature:12&amp#27;[0m
  &amp#27;[32mGiven &amp#27;[0m&amp#27;[32mв системе есть клиент с активным счётом и достаточным остатком&amp#27;[0m         &amp#27;[90m# steps.payments.PaymentsCucumberSteps.existingCustomerWithActiveAccount()&amp#27;[0m
  &amp#27;[32mGiven &amp#27;[0m&amp#27;[32mу клиента на счёте достаточно средств для платежа на сумму &amp#27;[0m&amp#27;[32m&amp#27;[1m1000&amp#27;[0m&amp#27;[32m рублей&amp#27;[0m &amp#27;[90m# steps.payments.PaymentsCucumberSteps.clientHasEnoughBalance(int)&amp#27;[0m
  &amp#27;[32mWhen &amp#27;[0m&amp#27;[32mклиент в ДБО отправляет платёж по реквизитам на сумму &amp#27;[0m&amp#27;[32m&amp#27;[1m1000&amp#27;[0m&amp#27;[32m рублей&amp#27;[0m       &amp#27;[90m# steps.payments.PaymentsCucumberSteps.sendPaymentByDetails(int)&amp#27;[0m
  &amp#27;[32mThen &amp#27;[0m&amp#27;[32mсервис платежей по REST вызывает сервис счетов для списания средств&amp#27;[0m     &amp#27;[90m# steps.payments.PaymentsCucumberSteps.paymentServiceCallsAccountsServiceForDebit()&amp#27;[0m
  &amp#27;[32mAnd &amp#27;[0m&amp#27;[32mсервис платежей публикует событие о платеже в Kafka&amp#27;[0m                      &amp#27;[90m# steps.payments.PaymentsCucumberSteps.paymentServicePublishesKafkaEvent()&amp#27;[0m
  &amp#27;[32mAnd &amp#27;[0m&amp#27;[32mсервис уведомлений получает событие из Kafka и формирует уведомление&amp#27;[0m     &amp#27;[90m# steps.payments.PaymentsCucumberSteps.notificationServiceProcessesKafkaEvent()&amp#27;[0m
  &amp#27;[32mAnd &amp#27;[0m&amp#27;[32mв PostgreSQL создаётся запись о проведённом платеже со статуса &amp#27;[0m&amp#27;[32m&amp#27;[1m"SUCCESS"&amp#27;[0m &amp#27;[90m# steps.payments.PaymentsCucumberSteps.verifySuccessfulPaymentStatusInDb(java.lang.String)&amp#27;[0m
  &amp#27;[32mAnd &amp#27;[0m&amp#27;[32mв PostgreSQL остаток по счёту плательщика уменьшается на &amp#27;[0m&amp#27;[32m&amp#27;[1m1000&amp#27;[0m&amp#27;[32m рублей&amp#27;[0m     &amp#27;[90m# steps.payments.PaymentsCucumberSteps.verifyPayerBalanceDecreased(int)&amp#27;[0m
]]></system-out>
    <system-err><![CDATA[апр. 20, 2026 11:57:02 AM io.cucumber.junit.platform.engine.DiscoverySelectorResolver warnWhenCucumberFeaturesPropertyIsUsed
WARNING: Discovering tests using the cucumber.features property. Other discovery selectors are ignored!

This is a work around for the limited JUnit 5 support in Maven and Gradle. Please request/upvote/sponsor/ect better support for JUnit 5 discovery selectors. For details see: https://github.com/cucumber/cucumber-jvm/pull/2498

If you are using the JUnit 5 Suite Engine, Platform Launcher API or Console Launcher you should not use this property. Please consult the JUnit 5 documentation on test selection.
SLF4J: Failed to load class "org.slf4j.impl.StaticLoggerBinder".
SLF4J: Defaulting to no-operation (NOP) logger implementation
SLF4J: See http://www.slf4j.org/codes.html#StaticLoggerBinder for further details.
]]></system-err>
  </testcase>
  <testcase name="Платёж отклонён по дневному лимиту" classname="Проведение платежей по реквизитам" time="0.052">
    <system-out><![CDATA[
@db @rest @limits @limit_exceeded
Scenario: Платёж отклонён по дневному лимиту                                                       &amp#27;[90m# src/test/resources/features/payments.feature:22&amp#27;[0m
  &amp#27;[32mGiven &amp#27;[0m&amp#27;[32mв системе есть клиент с активным счётом и достаточным остатком&amp#27;[0m                             &amp#27;[90m# steps.payments.PaymentsCucumberSteps.existingCustomerWithActiveAccount()&amp#27;[0m
  &amp#27;[32mGiven &amp#27;[0m&amp#27;[32mу клиента установлен дневной лимит на платежи в размере &amp#27;[0m&amp#27;[32m&amp#27;[1m5000&amp#27;[0m&amp#27;[32m рублей&amp#27;[0m                        &amp#27;[90m# steps.payments.PaymentsCucumberSteps.setDailyLimit(int)&amp#27;[0m
  &amp#27;[32mAnd &amp#27;[0m&amp#27;[32mпо текущему дню клиент уже выполнил платежи на сумму &amp#27;[0m&amp#27;[32m&amp#27;[1m4500&amp#27;[0m&amp#27;[32m рублей&amp#27;[0m                             &amp#27;[90m# steps.payments.PaymentsCucumberSteps.setAlreadySpentAmount(int)&amp#27;[0m
  &amp#27;[32mWhen &amp#27;[0m&amp#27;[32mклиент в ДБО пытается отправить платёж по реквизитам на сумму &amp#27;[0m&amp#27;[32m&amp#27;[1m1000&amp#27;[0m&amp#27;[32m рублей&amp#27;[0m                   &amp#27;[90m# steps.payments.PaymentsCucumberSteps.tryToSendPaymentByDetailsWithLimit(int)&amp#27;[0m
  &amp#27;[32mThen &amp#27;[0m&amp#27;[32mсервис платежей по REST получает от сервиса лимитов отказ с причиной &amp#27;[0m&amp#27;[32m&amp#27;[1m"DAILY_LIMIT_EXCEEDED"&amp#27;[0m &amp#27;[90m# steps.payments.PaymentsCucumberSteps.verifyLimitServiceReason(java.lang.String)&amp#27;[0m
  &amp#27;[32mAnd &amp#27;[0m&amp#27;[32mсервис платежей возвращает в ДБО ошибку &amp#27;[0m&amp#27;[32m&amp#27;[1m"Превышен дневной лимит по платежам"&amp#27;[0m                 &amp#27;[90m# steps.payments.PaymentsCucumberSteps.verifyErrorReturnedToDbo(java.lang.String)&amp#27;[0m
  &amp#27;[32mAnd &amp#27;[0m&amp#27;[32mв PostgreSQL создаётся запись о платеже со статусом &amp#27;[0m&amp#27;[32m&amp#27;[1m"DECLINED_LIMIT"&amp#27;[0m                         &amp#27;[90m# steps.payments.PaymentsCucumberSteps.verifyDeclinedPaymentStatusInDb(java.lang.String)&amp#27;[0m
  &amp#27;[32mAnd &amp#27;[0m&amp#27;[32mв PostgreSQL остаток по счёту клиента не изменяется&amp#27;[0m                                          &amp#27;[90m# steps.payments.PaymentsCucumberSteps.verifyCustomerBalanceNotChanged()&amp#27;[0m
]]></system-out>
  </testcase>
  <testcase name="Успешное получение пользователя по id" classname="Получение пользователя по id" time="0.0">
    <skipped message="&apos;cucumber.filter.tags=@db&apos; did not match this scenario"/>
  </testcase>
</testsuite>